{"/home/alvaro/Desktop/ow/odin_content/template-html-css-js/src/index.js": {"path":"/home/alvaro/Desktop/ow/odin_content/template-html-css-js/src/index.js","statementMap":{"0":{"start":{"line":3,"column":19},"end":{"line":5,"column":1}}},"fnMap":{"0":{"name":"(anonymous_0)","decl":{"start":{"line":3,"column":19},"end":{"line":3,"column":20}},"loc":{"start":{"line":3,"column":34},"end":{"line":5,"column":1}},"line":3}},"branchMap":{},"s":{"0":1},"f":{"0":1},"b":{},"_coverageSchema":"1a1c01bbd47fc00a2c39e90264f33305004495a9","hash":"a82046b5ee08573097c082f809f477e8bd404107"}
,"/home/alvaro/Desktop/ow/odin_content/template-html-css-js/src/style.css": {"path":"/home/alvaro/Desktop/ow/odin_content/template-html-css-js/src/style.css","statementMap":{},"fnMap":{},"branchMap":{},"s":{},"f":{},"b":{},"inputSourceMap":null,"_coverageSchema":"1a1c01bbd47fc00a2c39e90264f33305004495a9","hash":"17c92287550df7421a3e555637b3a9f2637c7caf"}
}
